::1 - - [26/Dec/2021:18:31:30 +0000] "GET /users/profile/60af95749429043dcc1e07a2 HTTP/1.1" 200 3074 "http://localhost:3000/" "Mozilla/5.0 (Windows NT 10.0; Win64; x64) AppleWebKit/537.36 (KHTML, like Gecko) Chrome/96.0.4664.110 Safari/537.36"
::1 - - [26/Dec/2021:18:31:30 +0000] "GET /undefined HTTP/1.1" 404 148 "http://localhost:3000/users/profile/60af95749429043dcc1e07a2" "Mozilla/5.0 (Windows NT 10.0; Win64; x64) AppleWebKit/537.36 (KHTML, like Gecko) Chrome/96.0.4664.110 Safari/537.36"
::1 - - [26/Dec/2021:18:31:37 +0000] "GET /friendships/toggle/60af95749429043dcc1e07a2 HTTP/1.1" 500 35 "http://localhost:3000/users/profile/60af95749429043dcc1e07a2" "Mozilla/5.0 (Windows NT 10.0; Win64; x64) AppleWebKit/537.36 (KHTML, like Gecko) Chrome/96.0.4664.110 Safari/537.36"
::1 - - [26/Dec/2021:18:31:43 +0000] "GET /users/profile/60af95749429043dcc1e07a2 HTTP/1.1" 304 - "http://localhost:3000/" "Mozilla/5.0 (Windows NT 10.0; Win64; x64) AppleWebKit/537.36 (KHTML, like Gecko) Chrome/96.0.4664.110 Safari/537.36"
::1 - - [26/Dec/2021:18:31:43 +0000] "GET /undefined HTTP/1.1" 404 148 "http://localhost:3000/users/profile/60af95749429043dcc1e07a2" "Mozilla/5.0 (Windows NT 10.0; Win64; x64) AppleWebKit/537.36 (KHTML, like Gecko) Chrome/96.0.4664.110 Safari/537.36"
::1 - - [26/Dec/2021:18:31:47 +0000] "GET /users/profile/61bd964ae95f922c5863c4d2 HTTP/1.1" 200 3070 "http://localhost:3000/" "Mozilla/5.0 (Windows NT 10.0; Win64; x64) AppleWebKit/537.36 (KHTML, like Gecko) Chrome/96.0.4664.110 Safari/537.36"
::1 - - [26/Dec/2021:18:31:47 +0000] "GET /undefined HTTP/1.1" 404 148 "http://localhost:3000/users/profile/61bd964ae95f922c5863c4d2" "Mozilla/5.0 (Windows NT 10.0; Win64; x64) AppleWebKit/537.36 (KHTML, like Gecko) Chrome/96.0.4664.110 Safari/537.36"
::1 - - [26/Dec/2021:18:31:49 +0000] "GET /friendships/toggle/61bd964ae95f922c5863c4d2 HTTP/1.1" 500 35 "http://localhost:3000/users/profile/61bd964ae95f922c5863c4d2" "Mozilla/5.0 (Windows NT 10.0; Win64; x64) AppleWebKit/537.36 (KHTML, like Gecko) Chrome/96.0.4664.110 Safari/537.36"
::1 - - [26/Dec/2021:18:31:54 +0000] "GET /users/profile/60af95749429043dcc1e07a2 HTTP/1.1" 304 - "http://localhost:3000/" "Mozilla/5.0 (Windows NT 10.0; Win64; x64) AppleWebKit/537.36 (KHTML, like Gecko) Chrome/96.0.4664.110 Safari/537.36"
::1 - - [26/Dec/2021:18:31:54 +0000] "GET /undefined HTTP/1.1" 404 148 "http://localhost:3000/users/profile/60af95749429043dcc1e07a2" "Mozilla/5.0 (Windows NT 10.0; Win64; x64) AppleWebKit/537.36 (KHTML, like Gecko) Chrome/96.0.4664.110 Safari/537.36"
::1 - - [26/Dec/2021:18:32:00 +0000] "POST /likes/toggle/?id=61c8aa5dd4897c1a943f0e33&type=Comment HTTP/1.1" 200 57 "http://localhost:3000/" "Mozilla/5.0 (Windows NT 10.0; Win64; x64) AppleWebKit/537.36 (KHTML, like Gecko) Chrome/96.0.4664.110 Safari/537.36"
::1 - - [26/Dec/2021:18:32:01 +0000] "POST /likes/toggle/?id=61c8a9c190c29d08342eba0d&type=Comment HTTP/1.1" 200 57 "http://localhost:3000/" "Mozilla/5.0 (Windows NT 10.0; Win64; x64) AppleWebKit/537.36 (KHTML, like Gecko) Chrome/96.0.4664.110 Safari/537.36"
::1 - - [26/Dec/2021:18:32:02 +0000] "POST /likes/toggle/?id=61c8a9c190c29d08342eba0d&type=Comment HTTP/1.1" 200 58 "http://localhost:3000/" "Mozilla/5.0 (Windows NT 10.0; Win64; x64) AppleWebKit/537.36 (KHTML, like Gecko) Chrome/96.0.4664.110 Safari/537.36"
::1 - - [26/Dec/2021:18:32:03 +0000] "POST /likes/toggle/?id=61c8aa5dd4897c1a943f0e33&type=Comment HTTP/1.1" 200 58 "http://localhost:3000/" "Mozilla/5.0 (Windows NT 10.0; Win64; x64) AppleWebKit/537.36 (KHTML, like Gecko) Chrome/96.0.4664.110 Safari/537.36"
::1 - - [26/Dec/2021:18:32:05 +0000] "GET / HTTP/1.1" 200 11175 "http://localhost:3000/" "Mozilla/5.0 (Windows NT 10.0; Win64; x64) AppleWebKit/537.36 (KHTML, like Gecko) Chrome/96.0.4664.110 Safari/537.36"
::1 - - [26/Dec/2021:18:32:11 +0000] "GET /users/profile/61a481bfe19a823a48cdb91f HTTP/1.1" 200 3064 "http://localhost:3000/" "Mozilla/5.0 (Windows NT 10.0; Win64; x64) AppleWebKit/537.36 (KHTML, like Gecko) Chrome/96.0.4664.110 Safari/537.36"
::1 - - [26/Dec/2021:18:32:11 +0000] "GET /undefined HTTP/1.1" 404 148 "http://localhost:3000/users/profile/61a481bfe19a823a48cdb91f" "Mozilla/5.0 (Windows NT 10.0; Win64; x64) AppleWebKit/537.36 (KHTML, like Gecko) Chrome/96.0.4664.110 Safari/537.36"
::1 - - [26/Dec/2021:18:33:41 +0000] "GET /users/profile/61a481bfe19a823a48cdb91f HTTP/1.1" 200 3064 "http://localhost:3000/" "Mozilla/5.0 (Windows NT 10.0; Win64; x64) AppleWebKit/537.36 (KHTML, like Gecko) Chrome/96.0.4664.110 Safari/537.36"
::1 - - [26/Dec/2021:18:33:41 +0000] "GET /undefined HTTP/1.1" 404 148 "http://localhost:3000/users/profile/61a481bfe19a823a48cdb91f" "Mozilla/5.0 (Windows NT 10.0; Win64; x64) AppleWebKit/537.36 (KHTML, like Gecko) Chrome/96.0.4664.110 Safari/537.36"
::1 - - [26/Dec/2021:18:33:49 +0000] "GET /friendships/toggle/61a481bfe19a823a48cdb91f HTTP/1.1" 500 35 "http://localhost:3000/users/profile/61a481bfe19a823a48cdb91f" "Mozilla/5.0 (Windows NT 10.0; Win64; x64) AppleWebKit/537.36 (KHTML, like Gecko) Chrome/96.0.4664.110 Safari/537.36"
::1 - - [26/Dec/2021:18:34:08 +0000] "GET /users/profile/61630d82adecca49bc866728 HTTP/1.1" 200 3067 "http://localhost:3000/" "Mozilla/5.0 (Windows NT 10.0; Win64; x64) AppleWebKit/537.36 (KHTML, like Gecko) Chrome/96.0.4664.110 Safari/537.36"
::1 - - [26/Dec/2021:18:34:08 +0000] "GET /undefined HTTP/1.1" 404 148 "http://localhost:3000/users/profile/61630d82adecca49bc866728" "Mozilla/5.0 (Windows NT 10.0; Win64; x64) AppleWebKit/537.36 (KHTML, like Gecko) Chrome/96.0.4664.110 Safari/537.36"
::1 - - [26/Dec/2021:18:34:12 +0000] "GET /users/profile/60af95749429043dcc1e07a2 HTTP/1.1" 200 3074 "http://localhost:3000/" "Mozilla/5.0 (Windows NT 10.0; Win64; x64) AppleWebKit/537.36 (KHTML, like Gecko) Chrome/96.0.4664.110 Safari/537.36"
::1 - - [26/Dec/2021:18:34:12 +0000] "GET /undefined HTTP/1.1" 404 148 "http://localhost:3000/users/profile/60af95749429043dcc1e07a2" "Mozilla/5.0 (Windows NT 10.0; Win64; x64) AppleWebKit/537.36 (KHTML, like Gecko) Chrome/96.0.4664.110 Safari/537.36"
::1 - - [26/Dec/2021:18:34:15 +0000] "GET /users/profile/61c8a9af90c29d08342eba0b HTTP/1.1" 200 3270 "http://localhost:3000/" "Mozilla/5.0 (Windows NT 10.0; Win64; x64) AppleWebKit/537.36 (KHTML, like Gecko) Chrome/96.0.4664.110 Safari/537.36"
::1 - - [26/Dec/2021:18:34:16 +0000] "GET /undefined HTTP/1.1" 404 148 "http://localhost:3000/users/profile/61c8a9af90c29d08342eba0b" "Mozilla/5.0 (Windows NT 10.0; Win64; x64) AppleWebKit/537.36 (KHTML, like Gecko) Chrome/96.0.4664.110 Safari/537.36"
::1 - - [26/Dec/2021:18:35:14 +0000] "GET /users/sign-out HTTP/1.1" 302 46 "http://localhost:3000/" "Mozilla/5.0 (Windows NT 10.0; Win64; x64) AppleWebKit/537.36 (KHTML, like Gecko) Chrome/96.0.4664.110 Safari/537.36"
::1 - - [26/Dec/2021:18:35:14 +0000] "GET / HTTP/1.1" 200 8239 "http://localhost:3000/" "Mozilla/5.0 (Windows NT 10.0; Win64; x64) AppleWebKit/537.36 (KHTML, like Gecko) Chrome/96.0.4664.110 Safari/537.36"
::1 - - [26/Dec/2021:18:35:18 +0000] "GET /users/sign-in HTTP/1.1" 304 - "http://localhost:3000/" "Mozilla/5.0 (Windows NT 10.0; Win64; x64) AppleWebKit/537.36 (KHTML, like Gecko) Chrome/96.0.4664.110 Safari/537.36"
::1 - - [26/Dec/2021:18:35:21 +0000] "GET /users/sign-up HTTP/1.1" 304 - "http://localhost:3000/users/sign-in" "Mozilla/5.0 (Windows NT 10.0; Win64; x64) AppleWebKit/537.36 (KHTML, like Gecko) Chrome/96.0.4664.110 Safari/537.36"
::1 - - [26/Dec/2021:18:35:22 +0000] "GET /users/sign-in HTTP/1.1" 304 - "http://localhost:3000/users/sign-up" "Mozilla/5.0 (Windows NT 10.0; Win64; x64) AppleWebKit/537.36 (KHTML, like Gecko) Chrome/96.0.4664.110 Safari/537.36"
::1 - - [26/Dec/2021:18:35:23 +0000] "GET /users/sign-up HTTP/1.1" 304 - "http://localhost:3000/users/sign-in" "Mozilla/5.0 (Windows NT 10.0; Win64; x64) AppleWebKit/537.36 (KHTML, like Gecko) Chrome/96.0.4664.110 Safari/537.36"
::1 - - [26/Dec/2021:18:35:31 +0000] "GET /users/sign-in HTTP/1.1" 304 - "http://localhost:3000/users/sign-up" "Mozilla/5.0 (Windows NT 10.0; Win64; x64) AppleWebKit/537.36 (KHTML, like Gecko) Chrome/96.0.4664.110 Safari/537.36"
::1 - - [26/Dec/2021:18:35:36 +0000] "GET /users/auth/google HTTP/1.1" 302 0 "http://localhost:3000/users/sign-in" "Mozilla/5.0 (Windows NT 10.0; Win64; x64) AppleWebKit/537.36 (KHTML, like Gecko) Chrome/96.0.4664.110 Safari/537.36"
::1 - - [26/Dec/2021:18:35:37 +0000] "GET /users/auth/google/callback?code=4%2F0AX4XfWhEFzvqGmIGkofystaNUssRb--iikma7Iy113xlvzFoZ-kjLwEEWhW6zHcjOdh-Qg&scope=email+profile+https%3A%2F%2Fwww.googleapis.com%2Fauth%2Fuserinfo.profile+https%3A%2F%2Fwww.googleapis.com%2Fauth%2Fuserinfo.email+openid&authuser=0&prompt=none HTTP/1.1" 302 46 "http://localhost:3000/" "Mozilla/5.0 (Windows NT 10.0; Win64; x64) AppleWebKit/537.36 (KHTML, like Gecko) Chrome/96.0.4664.110 Safari/537.36"
::1 - - [26/Dec/2021:18:35:37 +0000] "GET / HTTP/1.1" 200 11424 "http://localhost:3000/" "Mozilla/5.0 (Windows NT 10.0; Win64; x64) AppleWebKit/537.36 (KHTML, like Gecko) Chrome/96.0.4664.110 Safari/537.36"
::1 - - [26/Dec/2021:18:37:11 +0000] "POST /likes/toggle/?id=61c8a9bb90c29d08342eba0c&type=Post HTTP/1.1" 200 58 "http://localhost:3000/" "Mozilla/5.0 (Windows NT 10.0; Win64; x64) AppleWebKit/537.36 (KHTML, like Gecko) Chrome/96.0.4664.110 Safari/537.36"
::1 - - [26/Dec/2021:18:42:42 +0000] "GET / HTTP/1.1" 200 11175 "http://localhost:3000/" "Mozilla/5.0 (Windows NT 10.0; Win64; x64) AppleWebKit/537.36 (KHTML, like Gecko) Chrome/96.0.4664.110 Safari/537.36"
::1 - - [26/Dec/2021:18:42:46 +0000] "GET /users/sign-out HTTP/1.1" 302 46 "http://localhost:3000/" "Mozilla/5.0 (Windows NT 10.0; Win64; x64) AppleWebKit/537.36 (KHTML, like Gecko) Chrome/96.0.4664.110 Safari/537.36"
::1 - - [26/Dec/2021:18:42:46 +0000] "GET / HTTP/1.1" 200 8239 "http://localhost:3000/" "Mozilla/5.0 (Windows NT 10.0; Win64; x64) AppleWebKit/537.36 (KHTML, like Gecko) Chrome/96.0.4664.110 Safari/537.36"
::1 - - [26/Dec/2021:18:42:55 +0000] "GET /users/sign-in HTTP/1.1" 200 2750 "http://localhost:3000/" "Mozilla/5.0 (Windows NT 10.0; Win64; x64) AppleWebKit/537.36 (KHTML, like Gecko) Chrome/96.0.4664.110 Safari/537.36"
::1 - - [26/Dec/2021:18:43:06 +0000] "GET /users/sign-up HTTP/1.1" 200 2985 "http://localhost:3000/users/sign-in" "Mozilla/5.0 (Windows NT 10.0; Win64; x64) AppleWebKit/537.36 (KHTML, like Gecko) Chrome/96.0.4664.110 Safari/537.36"
::1 - - [26/Dec/2021:18:43:13 +0000] "GET /users/sign-in HTTP/1.1" 304 - "http://localhost:3000/users/sign-up" "Mozilla/5.0 (Windows NT 10.0; Win64; x64) AppleWebKit/537.36 (KHTML, like Gecko) Chrome/96.0.4664.110 Safari/537.36"
::1 - - [26/Dec/2021:18:43:16 +0000] "GET /users/sign-up HTTP/1.1" 304 - "http://localhost:3000/users/sign-in" "Mozilla/5.0 (Windows NT 10.0; Win64; x64) AppleWebKit/537.36 (KHTML, like Gecko) Chrome/96.0.4664.110 Safari/537.36"
::1 - - [26/Dec/2021:18:43:17 +0000] "GET /users/sign-in HTTP/1.1" 304 - "http://localhost:3000/users/sign-up" "Mozilla/5.0 (Windows NT 10.0; Win64; x64) AppleWebKit/537.36 (KHTML, like Gecko) Chrome/96.0.4664.110 Safari/537.36"
::1 - - [26/Dec/2021:18:43:19 +0000] "GET /users/sign-up HTTP/1.1" 304 - "http://localhost:3000/users/sign-in" "Mozilla/5.0 (Windows NT 10.0; Win64; x64) AppleWebKit/537.36 (KHTML, like Gecko) Chrome/96.0.4664.110 Safari/537.36"
::1 - - [26/Dec/2021:18:43:20 +0000] "GET /users/sign-in HTTP/1.1" 304 - "http://localhost:3000/users/sign-up" "Mozilla/5.0 (Windows NT 10.0; Win64; x64) AppleWebKit/537.36 (KHTML, like Gecko) Chrome/96.0.4664.110 Safari/537.36"
::1 - - [26/Dec/2021:18:46:19 +0000] "GET /users/sign-in HTTP/1.1" 200 2750 "http://localhost:3000/users/sign-up" "Mozilla/5.0 (Windows NT 10.0; Win64; x64) AppleWebKit/537.36 (KHTML, like Gecko) Chrome/96.0.4664.110 Safari/537.36"
::1 - - [26/Dec/2021:18:46:33 +0000] "GET /users/sign-in HTTP/1.1" 304 - "http://localhost:3000/users/sign-in" "Mozilla/5.0 (Windows NT 10.0; Win64; x64) AppleWebKit/537.36 (KHTML, like Gecko) Chrome/96.0.4664.110 Safari/537.36"
::1 - - [26/Dec/2021:18:46:35 +0000] "GET /users/sign-up HTTP/1.1" 200 2985 "http://localhost:3000/users/sign-in" "Mozilla/5.0 (Windows NT 10.0; Win64; x64) AppleWebKit/537.36 (KHTML, like Gecko) Chrome/96.0.4664.110 Safari/537.36"
::1 - - [26/Dec/2021:18:46:38 +0000] "GET /users/sign-in HTTP/1.1" 304 - "http://localhost:3000/users/sign-up" "Mozilla/5.0 (Windows NT 10.0; Win64; x64) AppleWebKit/537.36 (KHTML, like Gecko) Chrome/96.0.4664.110 Safari/537.36"
::1 - - [26/Dec/2021:18:46:40 +0000] "GET /users/auth/google HTTP/1.1" 302 0 "http://localhost:3000/users/sign-in" "Mozilla/5.0 (Windows NT 10.0; Win64; x64) AppleWebKit/537.36 (KHTML, like Gecko) Chrome/96.0.4664.110 Safari/537.36"
::1 - - [26/Dec/2021:18:46:41 +0000] "GET /users/auth/google/callback?code=4%2F0AX4XfWh5UoZD7aoWPuiavUYwvzqT_OkC0bucm0NOFFqBx3Ifm29aI0Lv4E1WbT8hkB6BGQ&scope=email+profile+openid+https%3A%2F%2Fwww.googleapis.com%2Fauth%2Fuserinfo.email+https%3A%2F%2Fwww.googleapis.com%2Fauth%2Fuserinfo.profile&authuser=0&prompt=none HTTP/1.1" 302 46 "http://localhost:3000/" "Mozilla/5.0 (Windows NT 10.0; Win64; x64) AppleWebKit/537.36 (KHTML, like Gecko) Chrome/96.0.4664.110 Safari/537.36"
::1 - - [26/Dec/2021:18:46:41 +0000] "GET / HTTP/1.1" 200 11424 "http://localhost:3000/" "Mozilla/5.0 (Windows NT 10.0; Win64; x64) AppleWebKit/537.36 (KHTML, like Gecko) Chrome/96.0.4664.110 Safari/537.36"
::1 - - [26/Dec/2021:19:00:45 +0000] "GET / HTTP/1.1" 200 11303 "http://localhost:3000/" "Mozilla/5.0 (Windows NT 10.0; Win64; x64) AppleWebKit/537.36 (KHTML, like Gecko) Chrome/96.0.4664.110 Safari/537.36"
::1 - - [26/Dec/2021:19:02:51 +0000] "GET / HTTP/1.1" 500 3082 "http://localhost:3000/" "Mozilla/5.0 (Windows NT 10.0; Win64; x64) AppleWebKit/537.36 (KHTML, like Gecko) Chrome/96.0.4664.110 Safari/537.36"
::1 - - [26/Dec/2021:19:04:03 +0000] "GET / HTTP/1.1" 500 3082 "http://localhost:3000/" "Mozilla/5.0 (Windows NT 10.0; Win64; x64) AppleWebKit/537.36 (KHTML, like Gecko) Chrome/96.0.4664.110 Safari/537.36"
::1 - - [26/Dec/2021:19:04:08 +0000] "GET /users/auth/google HTTP/1.1" 302 0 "http://localhost:3000/users/sign-in" "Mozilla/5.0 (Windows NT 10.0; Win64; x64) AppleWebKit/537.36 (KHTML, like Gecko) Chrome/96.0.4664.110 Safari/537.36"
::1 - - [26/Dec/2021:19:04:09 +0000] "GET /users/auth/google/callback?code=4%2F0AX4XfWh0gXdEG3TdJ99nsCwmC1FCk96v06qw_ptJiKv3tttov4NOL3_343empOtZFXkliQ&scope=email+profile+https%3A%2F%2Fwww.googleapis.com%2Fauth%2Fuserinfo.profile+https%3A%2F%2Fwww.googleapis.com%2Fauth%2Fuserinfo.email+openid&authuser=0&prompt=none HTTP/1.1" 302 46 "http://localhost:3000/" "Mozilla/5.0 (Windows NT 10.0; Win64; x64) AppleWebKit/537.36 (KHTML, like Gecko) Chrome/96.0.4664.110 Safari/537.36"
::1 - - [26/Dec/2021:19:04:09 +0000] "GET / HTTP/1.1" 500 3082 "http://localhost:3000/" "Mozilla/5.0 (Windows NT 10.0; Win64; x64) AppleWebKit/537.36 (KHTML, like Gecko) Chrome/96.0.4664.110 Safari/537.36"
::1 - - [26/Dec/2021:19:05:28 +0000] "GET / HTTP/1.1" 200 3838 "http://localhost:3000/" "Mozilla/5.0 (Windows NT 10.0; Win64; x64) AppleWebKit/537.36 (KHTML, like Gecko) Chrome/96.0.4664.110 Safari/537.36"
::1 - - [26/Dec/2021:19:05:31 +0000] "GET / HTTP/1.1" 304 - "http://localhost:3000/" "Mozilla/5.0 (Windows NT 10.0; Win64; x64) AppleWebKit/537.36 (KHTML, like Gecko) Chrome/96.0.4664.110 Safari/537.36"
::1 - - [26/Dec/2021:19:05:36 +0000] "GET /users/sign-in HTTP/1.1" 304 - "http://localhost:3000/" "Mozilla/5.0 (Windows NT 10.0; Win64; x64) AppleWebKit/537.36 (KHTML, like Gecko) Chrome/96.0.4664.110 Safari/537.36"
::1 - - [26/Dec/2021:19:05:37 +0000] "GET /users/sign-up HTTP/1.1" 304 - "http://localhost:3000/users/sign-in" "Mozilla/5.0 (Windows NT 10.0; Win64; x64) AppleWebKit/537.36 (KHTML, like Gecko) Chrome/96.0.4664.110 Safari/537.36"
::1 - - [26/Dec/2021:19:05:38 +0000] "GET /users/sign-in HTTP/1.1" 304 - "http://localhost:3000/users/sign-up" "Mozilla/5.0 (Windows NT 10.0; Win64; x64) AppleWebKit/537.36 (KHTML, like Gecko) Chrome/96.0.4664.110 Safari/537.36"
::1 - - [26/Dec/2021:19:05:40 +0000] "GET /users/sign-up HTTP/1.1" 304 - "http://localhost:3000/users/sign-in" "Mozilla/5.0 (Windows NT 10.0; Win64; x64) AppleWebKit/537.36 (KHTML, like Gecko) Chrome/96.0.4664.110 Safari/537.36"
::1 - - [26/Dec/2021:19:06:37 +0000] "POST /users/create HTTP/1.1" 302 114 "http://localhost:3000/users/sign-up" "Mozilla/5.0 (Windows NT 10.0; Win64; x64) AppleWebKit/537.36 (KHTML, like Gecko) Chrome/96.0.4664.110 Safari/537.36"
::1 - - [26/Dec/2021:19:06:37 +0000] "GET /users/sign-up HTTP/1.1" 200 3233 "http://localhost:3000/users/sign-up" "Mozilla/5.0 (Windows NT 10.0; Win64; x64) AppleWebKit/537.36 (KHTML, like Gecko) Chrome/96.0.4664.110 Safari/537.36"
::1 - - [26/Dec/2021:19:06:47 +0000] "GET / HTTP/1.1" 200 4033 "http://localhost:3000/users/sign-up" "Mozilla/5.0 (Windows NT 10.0; Win64; x64) AppleWebKit/537.36 (KHTML, like Gecko) Chrome/96.0.4664.110 Safari/537.36"
::1 - - [26/Dec/2021:19:06:49 +0000] "GET /users/profile/61c8bd0f1ca3fd29f0ce883d HTTP/1.1" 302 72 "http://localhost:3000/" "Mozilla/5.0 (Windows NT 10.0; Win64; x64) AppleWebKit/537.36 (KHTML, like Gecko) Chrome/96.0.4664.110 Safari/537.36"
::1 - - [26/Dec/2021:19:06:50 +0000] "GET /users/sign-in HTTP/1.1" 304 - "http://localhost:3000/" "Mozilla/5.0 (Windows NT 10.0; Win64; x64) AppleWebKit/537.36 (KHTML, like Gecko) Chrome/96.0.4664.110 Safari/537.36"
::1 - - [26/Dec/2021:19:06:56 +0000] "GET /users/sign-up HTTP/1.1" 200 2985 "http://localhost:3000/users/sign-in" "Mozilla/5.0 (Windows NT 10.0; Win64; x64) AppleWebKit/537.36 (KHTML, like Gecko) Chrome/96.0.4664.110 Safari/537.36"
::1 - - [26/Dec/2021:19:10:36 +0000] "GET /users/auth/google HTTP/1.1" 302 0 "http://localhost:3000/users/sign-up" "Mozilla/5.0 (Windows NT 10.0; Win64; x64) AppleWebKit/537.36 (KHTML, like Gecko) Chrome/96.0.4664.110 Safari/537.36"
::1 - - [26/Dec/2021:19:10:37 +0000] "GET /users/auth/google/callback?code=4%2F0AX4XfWgJYrtRH0ShBfYYW8Zqb5-ZGN2c9u1A173Zvo5fFwfwDeEJvJdC_aLyT5pJZbH7JQ&scope=email+profile+https%3A%2F%2Fwww.googleapis.com%2Fauth%2Fuserinfo.profile+https%3A%2F%2Fwww.googleapis.com%2Fauth%2Fuserinfo.email+openid&authuser=0&prompt=none HTTP/1.1" 302 46 "http://localhost:3000/" "Mozilla/5.0 (Windows NT 10.0; Win64; x64) AppleWebKit/537.36 (KHTML, like Gecko) Chrome/96.0.4664.110 Safari/537.36"
::1 - - [26/Dec/2021:19:10:37 +0000] "GET / HTTP/1.1" 200 5495 "http://localhost:3000/" "Mozilla/5.0 (Windows NT 10.0; Win64; x64) AppleWebKit/537.36 (KHTML, like Gecko) Chrome/96.0.4664.110 Safari/537.36"
::1 - - [26/Dec/2021:19:10:44 +0000] "POST /posts/create HTTP/1.1" 200 266 "http://localhost:3000/" "Mozilla/5.0 (Windows NT 10.0; Win64; x64) AppleWebKit/537.36 (KHTML, like Gecko) Chrome/96.0.4664.110 Safari/537.36"
::1 - - [26/Dec/2021:19:10:46 +0000] "GET / HTTP/1.1" 200 6723 "http://localhost:3000/" "Mozilla/5.0 (Windows NT 10.0; Win64; x64) AppleWebKit/537.36 (KHTML, like Gecko) Chrome/96.0.4664.110 Safari/537.36"
::1 - - [26/Dec/2021:19:10:50 +0000] "POST /comments/create HTTP/1.1" 200 323 "http://localhost:3000/" "Mozilla/5.0 (Windows NT 10.0; Win64; x64) AppleWebKit/537.36 (KHTML, like Gecko) Chrome/96.0.4664.110 Safari/537.36"
::1 - - [26/Dec/2021:19:10:52 +0000] "GET / HTTP/1.1" 200 7534 "http://localhost:3000/" "Mozilla/5.0 (Windows NT 10.0; Win64; x64) AppleWebKit/537.36 (KHTML, like Gecko) Chrome/96.0.4664.110 Safari/537.36"
::1 - - [26/Dec/2021:19:10:57 +0000] "POST /posts/create HTTP/1.1" 200 266 "http://localhost:3000/" "Mozilla/5.0 (Windows NT 10.0; Win64; x64) AppleWebKit/537.36 (KHTML, like Gecko) Chrome/96.0.4664.110 Safari/537.36"
::1 - - [26/Dec/2021:19:10:59 +0000] "GET / HTTP/1.1" 200 9011 "http://localhost:3000/" "Mozilla/5.0 (Windows NT 10.0; Win64; x64) AppleWebKit/537.36 (KHTML, like Gecko) Chrome/96.0.4664.110 Safari/537.36"
::1 - - [26/Dec/2021:19:11:05 +0000] "POST /comments/create HTTP/1.1" 200 325 "http://localhost:3000/" "Mozilla/5.0 (Windows NT 10.0; Win64; x64) AppleWebKit/537.36 (KHTML, like Gecko) Chrome/96.0.4664.110 Safari/537.36"
::1 - - [26/Dec/2021:19:11:06 +0000] "POST /comments/create HTTP/1.1" 200 325 "http://localhost:3000/" "Mozilla/5.0 (Windows NT 10.0; Win64; x64) AppleWebKit/537.36 (KHTML, like Gecko) Chrome/96.0.4664.110 Safari/537.36"
::1 - - [26/Dec/2021:19:11:07 +0000] "POST /comments/create HTTP/1.1" 200 325 "http://localhost:3000/" "Mozilla/5.0 (Windows NT 10.0; Win64; x64) AppleWebKit/537.36 (KHTML, like Gecko) Chrome/96.0.4664.110 Safari/537.36"
::1 - - [26/Dec/2021:19:11:08 +0000] "GET /comments/destroy/61c8be4b6c382e43b46ae5da HTTP/1.1" 200 75 "http://localhost:3000/" "Mozilla/5.0 (Windows NT 10.0; Win64; x64) AppleWebKit/537.36 (KHTML, like Gecko) Chrome/96.0.4664.110 Safari/537.36"
::1 - - [26/Dec/2021:19:11:10 +0000] "GET / HTTP/1.1" 200 10637 "http://localhost:3000/" "Mozilla/5.0 (Windows NT 10.0; Win64; x64) AppleWebKit/537.36 (KHTML, like Gecko) Chrome/96.0.4664.110 Safari/537.36"
::1 - - [26/Dec/2021:19:11:50 +0000] "GET /users/sign-out HTTP/1.1" 302 46 "http://localhost:3000/" "Mozilla/5.0 (Windows NT 10.0; Win64; x64) AppleWebKit/537.36 (KHTML, like Gecko) Chrome/96.0.4664.110 Safari/537.36"
::1 - - [26/Dec/2021:19:11:50 +0000] "GET / HTTP/1.1" 200 7396 "http://localhost:3000/" "Mozilla/5.0 (Windows NT 10.0; Win64; x64) AppleWebKit/537.36 (KHTML, like Gecko) Chrome/96.0.4664.110 Safari/537.36"
::1 - - [26/Dec/2021:19:11:56 +0000] "GET /users/sign-up HTTP/1.1" 200 2985 "http://localhost:3000/" "Mozilla/5.0 (Windows NT 10.0; Win64; x64) AppleWebKit/537.36 (KHTML, like Gecko) Chrome/96.0.4664.110 Safari/537.36"
::1 - - [26/Dec/2021:19:11:59 +0000] "GET /users/sign-in HTTP/1.1" 200 2750 "http://localhost:3000/users/sign-up" "Mozilla/5.0 (Windows NT 10.0; Win64; x64) AppleWebKit/537.36 (KHTML, like Gecko) Chrome/96.0.4664.110 Safari/537.36"
::1 - - [26/Dec/2021:19:12:11 +0000] "POST /users/create-session HTTP/1.1" 302 46 "http://localhost:3000/users/sign-in" "Mozilla/5.0 (Windows NT 10.0; Win64; x64) AppleWebKit/537.36 (KHTML, like Gecko) Chrome/96.0.4664.110 Safari/537.36"
::1 - - [26/Dec/2021:19:12:11 +0000] "GET / HTTP/1.1" 200 10086 "http://localhost:3000/users/sign-in" "Mozilla/5.0 (Windows NT 10.0; Win64; x64) AppleWebKit/537.36 (KHTML, like Gecko) Chrome/96.0.4664.110 Safari/537.36"
::1 - - [26/Dec/2021:19:12:16 +0000] "GET /users/sign-out HTTP/1.1" 302 46 "http://localhost:3000/" "Mozilla/5.0 (Windows NT 10.0; Win64; x64) AppleWebKit/537.36 (KHTML, like Gecko) Chrome/96.0.4664.110 Safari/537.36"
::1 - - [26/Dec/2021:19:12:16 +0000] "GET / HTTP/1.1" 200 7396 "http://localhost:3000/" "Mozilla/5.0 (Windows NT 10.0; Win64; x64) AppleWebKit/537.36 (KHTML, like Gecko) Chrome/96.0.4664.110 Safari/537.36"
::1 - - [26/Dec/2021:19:12:21 +0000] "GET /users/sign-up HTTP/1.1" 304 - "http://localhost:3000/" "Mozilla/5.0 (Windows NT 10.0; Win64; x64) AppleWebKit/537.36 (KHTML, like Gecko) Chrome/96.0.4664.110 Safari/537.36"
::1 - - [26/Dec/2021:19:25:42 +0000] "GET / HTTP/1.1" 200 7530 "-" "Mozilla/5.0 (Windows NT 10.0; Win64; x64) AppleWebKit/537.36 (KHTML, like Gecko) Chrome/96.0.4664.110 Safari/537.36"
::1 - - [26/Dec/2021:19:25:43 +0000] "GET /favicon.ico HTTP/1.1" 404 150 "http://localhost:3000/" "Mozilla/5.0 (Windows NT 10.0; Win64; x64) AppleWebKit/537.36 (KHTML, like Gecko) Chrome/96.0.4664.110 Safari/537.36"
::1 - - [26/Dec/2021:19:25:46 +0000] "GET /users/sign-in HTTP/1.1" 200 2749 "http://localhost:3000/" "Mozilla/5.0 (Windows NT 10.0; Win64; x64) AppleWebKit/537.36 (KHTML, like Gecko) Chrome/96.0.4664.110 Safari/537.36"
::1 - - [26/Dec/2021:19:25:50 +0000] "GET /users/sign-up HTTP/1.1" 200 2984 "http://localhost:3000/users/sign-in" "Mozilla/5.0 (Windows NT 10.0; Win64; x64) AppleWebKit/537.36 (KHTML, like Gecko) Chrome/96.0.4664.110 Safari/537.36"
::1 - - [26/Dec/2021:19:26:04 +0000] "POST /users/create HTTP/1.1" 302 72 "http://localhost:3000/users/sign-up" "Mozilla/5.0 (Windows NT 10.0; Win64; x64) AppleWebKit/537.36 (KHTML, like Gecko) Chrome/96.0.4664.110 Safari/537.36"
::1 - - [26/Dec/2021:19:26:04 +0000] "GET /users/sign-in HTTP/1.1" 200 3002 "http://localhost:3000/users/sign-up" "Mozilla/5.0 (Windows NT 10.0; Win64; x64) AppleWebKit/537.36 (KHTML, like Gecko) Chrome/96.0.4664.110 Safari/537.36"
::1 - - [26/Dec/2021:19:26:13 +0000] "POST /users/create-session HTTP/1.1" 302 46 "http://localhost:3000/users/sign-in" "Mozilla/5.0 (Windows NT 10.0; Win64; x64) AppleWebKit/537.36 (KHTML, like Gecko) Chrome/96.0.4664.110 Safari/537.36"
::1 - - [26/Dec/2021:19:26:13 +0000] "GET / HTTP/1.1" 200 10660 "http://localhost:3000/users/sign-in" "Mozilla/5.0 (Windows NT 10.0; Win64; x64) AppleWebKit/537.36 (KHTML, like Gecko) Chrome/96.0.4664.110 Safari/537.36"
::1 - - [26/Dec/2021:19:26:53 +0000] "GET /users/profile/61c8bd0f1ca3fd29f0ce883d HTTP/1.1" 500 2257 "http://localhost:3000/" "Mozilla/5.0 (Windows NT 10.0; Win64; x64) AppleWebKit/537.36 (KHTML, like Gecko) Chrome/96.0.4664.110 Safari/537.36"
::1 - - [26/Dec/2021:19:27:03 +0000] "GET /users/profile/61c8c1ccac66984a907ae1de HTTP/1.1" 200 3261 "http://localhost:3000/" "Mozilla/5.0 (Windows NT 10.0; Win64; x64) AppleWebKit/537.36 (KHTML, like Gecko) Chrome/96.0.4664.110 Safari/537.36"
::1 - - [26/Dec/2021:19:27:03 +0000] "GET /undefined HTTP/1.1" 404 148 "http://localhost:3000/users/profile/61c8c1ccac66984a907ae1de" "Mozilla/5.0 (Windows NT 10.0; Win64; x64) AppleWebKit/537.36 (KHTML, like Gecko) Chrome/96.0.4664.110 Safari/537.36"
::1 - - [26/Dec/2021:19:27:09 +0000] "GET /users/profile/61c8beac6c382e43b46ae5db HTTP/1.1" 500 2257 "http://localhost:3000/" "Mozilla/5.0 (Windows NT 10.0; Win64; x64) AppleWebKit/537.36 (KHTML, like Gecko) Chrome/96.0.4664.110 Safari/537.36"
::1 - - [26/Dec/2021:19:32:05 +0000] "GET / HTTP/1.1" 200 10411 "http://localhost:3000/users/sign-in" "Mozilla/5.0 (Windows NT 10.0; Win64; x64) AppleWebKit/537.36 (KHTML, like Gecko) Chrome/96.0.4664.110 Safari/537.36"
::1 - - [26/Dec/2021:19:32:07 +0000] "GET /users/profile/61c8bd0f1ca3fd29f0ce883d HTTP/1.1" 500 2041 "http://localhost:3000/" "Mozilla/5.0 (Windows NT 10.0; Win64; x64) AppleWebKit/537.36 (KHTML, like Gecko) Chrome/96.0.4664.110 Safari/537.36"
::1 - - [26/Dec/2021:19:34:01 +0000] "GET /users/profile/61c8bd0f1ca3fd29f0ce883d HTTP/1.1" 500 2265 "http://localhost:3000/" "Mozilla/5.0 (Windows NT 10.0; Win64; x64) AppleWebKit/537.36 (KHTML, like Gecko) Chrome/96.0.4664.110 Safari/537.36"
::1 - - [26/Dec/2021:19:34:01 +0000] "GET /users/profile/61c8bd0f1ca3fd29f0ce883d HTTP/1.1" 500 2265 "http://localhost:3000/" "Mozilla/5.0 (Windows NT 10.0; Win64; x64) AppleWebKit/537.36 (KHTML, like Gecko) Chrome/96.0.4664.110 Safari/537.36"
::1 - - [26/Dec/2021:19:35:15 +0000] "GET /users/profile/61c8bd0f1ca3fd29f0ce883d HTTP/1.1" 500 2041 "http://localhost:3000/" "Mozilla/5.0 (Windows NT 10.0; Win64; x64) AppleWebKit/537.36 (KHTML, like Gecko) Chrome/96.0.4664.110 Safari/537.36"
::1 - - [26/Dec/2021:19:35:16 +0000] "GET /users/profile/61c8bd0f1ca3fd29f0ce883d HTTP/1.1" 500 2041 "http://localhost:3000/" "Mozilla/5.0 (Windows NT 10.0; Win64; x64) AppleWebKit/537.36 (KHTML, like Gecko) Chrome/96.0.4664.110 Safari/537.36"
::1 - - [26/Dec/2021:19:35:17 +0000] "GET /users/profile/61c8bd0f1ca3fd29f0ce883d HTTP/1.1" 500 2041 "http://localhost:3000/" "Mozilla/5.0 (Windows NT 10.0; Win64; x64) AppleWebKit/537.36 (KHTML, like Gecko) Chrome/96.0.4664.110 Safari/537.36"
::1 - - [26/Dec/2021:19:37:25 +0000] "GET /users/profile/61c8bd0f1ca3fd29f0ce883d HTTP/1.1" 500 2265 "http://localhost:3000/" "Mozilla/5.0 (Windows NT 10.0; Win64; x64) AppleWebKit/537.36 (KHTML, like Gecko) Chrome/96.0.4664.110 Safari/537.36"
::1 - - [26/Dec/2021:19:42:30 +0000] "GET /users/profile/61c8bd0f1ca3fd29f0ce883d HTTP/1.1" 200 2689 "http://localhost:3000/" "Mozilla/5.0 (Windows NT 10.0; Win64; x64) AppleWebKit/537.36 (KHTML, like Gecko) Chrome/96.0.4664.110 Safari/537.36"
::1 - - [26/Dec/2021:19:42:35 +0000] "GET /users/profile/61c8c1ccac66984a907ae1de HTTP/1.1" 200 3071 "http://localhost:3000/users/profile/61c8bd0f1ca3fd29f0ce883d" "Mozilla/5.0 (Windows NT 10.0; Win64; x64) AppleWebKit/537.36 (KHTML, like Gecko) Chrome/96.0.4664.110 Safari/537.36"
::1 - - [26/Dec/2021:19:42:37 +0000] "GET /users/profile/61c8c1ccac66984a907ae1de HTTP/1.1" 304 - "http://localhost:3000/users/profile/61c8c1ccac66984a907ae1de" "Mozilla/5.0 (Windows NT 10.0; Win64; x64) AppleWebKit/537.36 (KHTML, like Gecko) Chrome/96.0.4664.110 Safari/537.36"
::1 - - [26/Dec/2021:19:42:42 +0000] "GET /users/profile/61c8c1ccac66984a907ae1de HTTP/1.1" 304 - "http://localhost:3000/" "Mozilla/5.0 (Windows NT 10.0; Win64; x64) AppleWebKit/537.36 (KHTML, like Gecko) Chrome/96.0.4664.110 Safari/537.36"
::1 - - [26/Dec/2021:19:42:47 +0000] "POST /users/update/61c8c1ccac66984a907ae1de HTTP/1.1" 302 164 "http://localhost:3000/users/profile/61c8c1ccac66984a907ae1de" "Mozilla/5.0 (Windows NT 10.0; Win64; x64) AppleWebKit/537.36 (KHTML, like Gecko) Chrome/96.0.4664.110 Safari/537.36"
::1 - - [26/Dec/2021:19:42:47 +0000] "GET /users/profile/61c8c1ccac66984a907ae1de HTTP/1.1" 200 3077 "http://localhost:3000/users/profile/61c8c1ccac66984a907ae1de" "Mozilla/5.0 (Windows NT 10.0; Win64; x64) AppleWebKit/537.36 (KHTML, like Gecko) Chrome/96.0.4664.110 Safari/537.36"
::1 - - [26/Dec/2021:19:42:51 +0000] "POST /users/update/61c8c1ccac66984a907ae1de HTTP/1.1" 302 164 "http://localhost:3000/users/profile/61c8c1ccac66984a907ae1de" "Mozilla/5.0 (Windows NT 10.0; Win64; x64) AppleWebKit/537.36 (KHTML, like Gecko) Chrome/96.0.4664.110 Safari/537.36"
::1 - - [26/Dec/2021:19:42:51 +0000] "GET /users/profile/61c8c1ccac66984a907ae1de HTTP/1.1" 200 3074 "http://localhost:3000/users/profile/61c8c1ccac66984a907ae1de" "Mozilla/5.0 (Windows NT 10.0; Win64; x64) AppleWebKit/537.36 (KHTML, like Gecko) Chrome/96.0.4664.110 Safari/537.36"
::1 - - [26/Dec/2021:19:42:57 +0000] "GET /users/profile/61c8bd0f1ca3fd29f0ce883d HTTP/1.1" 200 2690 "http://localhost:3000/" "Mozilla/5.0 (Windows NT 10.0; Win64; x64) AppleWebKit/537.36 (KHTML, like Gecko) Chrome/96.0.4664.110 Safari/537.36"
::1 - - [26/Dec/2021:19:43:10 +0000] "GET /users/profile/61c8beac6c382e43b46ae5db HTTP/1.1" 200 2685 "http://localhost:3000/" "Mozilla/5.0 (Windows NT 10.0; Win64; x64) AppleWebKit/537.36 (KHTML, like Gecko) Chrome/96.0.4664.110 Safari/537.36"
::1 - - [26/Dec/2021:19:43:16 +0000] "GET /users/profile/61c8c1ccac66984a907ae1de HTTP/1.1" 304 - "http://localhost:3000/" "Mozilla/5.0 (Windows NT 10.0; Win64; x64) AppleWebKit/537.36 (KHTML, like Gecko) Chrome/96.0.4664.110 Safari/537.36"
::1 - - [26/Dec/2021:19:43:22 +0000] "POST /users/update/61c8c1ccac66984a907ae1de HTTP/1.1" 302 164 "http://localhost:3000/users/profile/61c8c1ccac66984a907ae1de" "Mozilla/5.0 (Windows NT 10.0; Win64; x64) AppleWebKit/537.36 (KHTML, like Gecko) Chrome/96.0.4664.110 Safari/537.36"
::1 - - [26/Dec/2021:19:43:22 +0000] "GET /users/profile/61c8c1ccac66984a907ae1de HTTP/1.1" 200 3080 "http://localhost:3000/users/profile/61c8c1ccac66984a907ae1de" "Mozilla/5.0 (Windows NT 10.0; Win64; x64) AppleWebKit/537.36 (KHTML, like Gecko) Chrome/96.0.4664.110 Safari/537.36"
::1 - - [26/Dec/2021:19:43:28 +0000] "GET /users/profile/61c8c1ccac66984a907ae1de HTTP/1.1" 304 - "http://localhost:3000/users/profile/61c8c1ccac66984a907ae1de" "Mozilla/5.0 (Windows NT 10.0; Win64; x64) AppleWebKit/537.36 (KHTML, like Gecko) Chrome/96.0.4664.110 Safari/537.36"
::1 - - [26/Dec/2021:19:43:33 +0000] "POST /users/update/61c8c1ccac66984a907ae1de HTTP/1.1" 302 164 "http://localhost:3000/users/profile/61c8c1ccac66984a907ae1de" "Mozilla/5.0 (Windows NT 10.0; Win64; x64) AppleWebKit/537.36 (KHTML, like Gecko) Chrome/96.0.4664.110 Safari/537.36"
::1 - - [26/Dec/2021:19:43:33 +0000] "GET /users/profile/61c8c1ccac66984a907ae1de HTTP/1.1" 200 3077 "http://localhost:3000/users/profile/61c8c1ccac66984a907ae1de" "Mozilla/5.0 (Windows NT 10.0; Win64; x64) AppleWebKit/537.36 (KHTML, like Gecko) Chrome/96.0.4664.110 Safari/537.36"
::1 - - [26/Dec/2021:19:43:34 +0000] "POST /users/update/61c8c1ccac66984a907ae1de HTTP/1.1" 302 164 "http://localhost:3000/users/profile/61c8c1ccac66984a907ae1de" "Mozilla/5.0 (Windows NT 10.0; Win64; x64) AppleWebKit/537.36 (KHTML, like Gecko) Chrome/96.0.4664.110 Safari/537.36"
::1 - - [26/Dec/2021:19:43:34 +0000] "GET /users/profile/61c8c1ccac66984a907ae1de HTTP/1.1" 304 - "http://localhost:3000/users/profile/61c8c1ccac66984a907ae1de" "Mozilla/5.0 (Windows NT 10.0; Win64; x64) AppleWebKit/537.36 (KHTML, like Gecko) Chrome/96.0.4664.110 Safari/537.36"
::1 - - [26/Dec/2021:19:43:46 +0000] "GET /users/profile/61c8c1ccac66984a907ae1de HTTP/1.1" 304 - "http://localhost:3000/" "Mozilla/5.0 (Windows NT 10.0; Win64; x64) AppleWebKit/537.36 (KHTML, like Gecko) Chrome/96.0.4664.110 Safari/537.36"
::1 - - [26/Dec/2021:19:43:52 +0000] "POST /users/update/61c8c1ccac66984a907ae1de HTTP/1.1" 302 164 "http://localhost:3000/users/profile/61c8c1ccac66984a907ae1de" "Mozilla/5.0 (Windows NT 10.0; Win64; x64) AppleWebKit/537.36 (KHTML, like Gecko) Chrome/96.0.4664.110 Safari/537.36"
::1 - - [26/Dec/2021:19:43:52 +0000] "GET /users/profile/61c8c1ccac66984a907ae1de HTTP/1.1" 200 3120 "http://localhost:3000/users/profile/61c8c1ccac66984a907ae1de" "Mozilla/5.0 (Windows NT 10.0; Win64; x64) AppleWebKit/537.36 (KHTML, like Gecko) Chrome/96.0.4664.110 Safari/537.36"
::1 - - [26/Dec/2021:19:44:07 +0000] "POST /users/update/61c8c1ccac66984a907ae1de HTTP/1.1" 302 164 "http://localhost:3000/users/profile/61c8c1ccac66984a907ae1de" "Mozilla/5.0 (Windows NT 10.0; Win64; x64) AppleWebKit/537.36 (KHTML, like Gecko) Chrome/96.0.4664.110 Safari/537.36"
::1 - - [26/Dec/2021:19:44:07 +0000] "GET /users/profile/61c8c1ccac66984a907ae1de HTTP/1.1" 200 3120 "http://localhost:3000/users/profile/61c8c1ccac66984a907ae1de" "Mozilla/5.0 (Windows NT 10.0; Win64; x64) AppleWebKit/537.36 (KHTML, like Gecko) Chrome/96.0.4664.110 Safari/537.36"
::1 - - [26/Dec/2021:19:44:11 +0000] "GET /users/sign-out HTTP/1.1" 302 46 "http://localhost:3000/users/profile/61c8c1ccac66984a907ae1de" "Mozilla/5.0 (Windows NT 10.0; Win64; x64) AppleWebKit/537.36 (KHTML, like Gecko) Chrome/96.0.4664.110 Safari/537.36"
::1 - - [26/Dec/2021:19:44:11 +0000] "GET / HTTP/1.1" 200 7980 "http://localhost:3000/users/profile/61c8c1ccac66984a907ae1de" "Mozilla/5.0 (Windows NT 10.0; Win64; x64) AppleWebKit/537.36 (KHTML, like Gecko) Chrome/96.0.4664.110 Safari/537.36"
::1 - - [26/Dec/2021:19:44:14 +0000] "GET /users/sign-in HTTP/1.1" 200 2749 "http://localhost:3000/" "Mozilla/5.0 (Windows NT 10.0; Win64; x64) AppleWebKit/537.36 (KHTML, like Gecko) Chrome/96.0.4664.110 Safari/537.36"
::1 - - [26/Dec/2021:19:44:16 +0000] "GET /users/auth/google HTTP/1.1" 302 0 "http://localhost:3000/users/sign-in" "Mozilla/5.0 (Windows NT 10.0; Win64; x64) AppleWebKit/537.36 (KHTML, like Gecko) Chrome/96.0.4664.110 Safari/537.36"
::1 - - [26/Dec/2021:19:44:17 +0000] "GET /users/auth/google/callback?code=4%2F0AX4XfWjS3gOXT_OU5edRNCZozUf8TzkkKW7wyQf-jFGAQPTC9VcelFsJ97OrU98mMfUw7A&scope=email+profile+openid+https%3A%2F%2Fwww.googleapis.com%2Fauth%2Fuserinfo.profile+https%3A%2F%2Fwww.googleapis.com%2Fauth%2Fuserinfo.email&authuser=0&prompt=none HTTP/1.1" 302 46 "http://localhost:3000/" "Mozilla/5.0 (Windows NT 10.0; Win64; x64) AppleWebKit/537.36 (KHTML, like Gecko) Chrome/96.0.4664.110 Safari/537.36"
::1 - - [26/Dec/2021:19:44:17 +0000] "GET / HTTP/1.1" 200 11464 "http://localhost:3000/" "Mozilla/5.0 (Windows NT 10.0; Win64; x64) AppleWebKit/537.36 (KHTML, like Gecko) Chrome/96.0.4664.110 Safari/537.36"
::1 - - [26/Dec/2021:19:44:20 +0000] "GET /users/profile/61c8c1ccac66984a907ae1de HTTP/1.1" 200 2682 "http://localhost:3000/" "Mozilla/5.0 (Windows NT 10.0; Win64; x64) AppleWebKit/537.36 (KHTML, like Gecko) Chrome/96.0.4664.110 Safari/537.36"
::1 - - [26/Dec/2021:19:44:26 +0000] "GET /users/profile/61c8bd0f1ca3fd29f0ce883d HTTP/1.1" 200 3080 "http://localhost:3000/" "Mozilla/5.0 (Windows NT 10.0; Win64; x64) AppleWebKit/537.36 (KHTML, like Gecko) Chrome/96.0.4664.110 Safari/537.36"
::1 - - [26/Dec/2021:19:44:32 +0000] "POST /users/update/61c8bd0f1ca3fd29f0ce883d HTTP/1.1" 302 164 "http://localhost:3000/users/profile/61c8bd0f1ca3fd29f0ce883d" "Mozilla/5.0 (Windows NT 10.0; Win64; x64) AppleWebKit/537.36 (KHTML, like Gecko) Chrome/96.0.4664.110 Safari/537.36"
::1 - - [26/Dec/2021:19:44:32 +0000] "GET /users/profile/61c8bd0f1ca3fd29f0ce883d HTTP/1.1" 200 3123 "http://localhost:3000/users/profile/61c8bd0f1ca3fd29f0ce883d" "Mozilla/5.0 (Windows NT 10.0; Win64; x64) AppleWebKit/537.36 (KHTML, like Gecko) Chrome/96.0.4664.110 Safari/537.36"
::1 - - [26/Dec/2021:19:44:42 +0000] "GET /users/sign-in HTTP/1.1" 302 72 "http://localhost:3000/users/sign-in" "Mozilla/5.0 (Windows NT 10.0; Win64; x64) AppleWebKit/537.36 (KHTML, like Gecko) Chrome/96.0.4664.110 Safari/537.36"
::1 - - [26/Dec/2021:19:44:42 +0000] "GET /users/profile HTTP/1.1" 404 152 "http://localhost:3000/users/sign-in" "Mozilla/5.0 (Windows NT 10.0; Win64; x64) AppleWebKit/537.36 (KHTML, like Gecko) Chrome/96.0.4664.110 Safari/537.36"
::1 - - [26/Dec/2021:19:44:57 +0000] "GET /users/profile/61c8bd0f1ca3fd29f0ce883d HTTP/1.1" 304 - "http://localhost:3000/" "Mozilla/5.0 (Windows NT 10.0; Win64; x64) AppleWebKit/537.36 (KHTML, like Gecko) Chrome/96.0.4664.110 Safari/537.36"
::1 - - [26/Dec/2021:19:45:03 +0000] "GET /users/sign-out HTTP/1.1" 302 46 "http://localhost:3000/" "Mozilla/5.0 (Windows NT 10.0; Win64; x64) AppleWebKit/537.36 (KHTML, like Gecko) Chrome/96.0.4664.110 Safari/537.36"
::1 - - [26/Dec/2021:19:45:03 +0000] "GET / HTTP/1.1" 200 7980 "http://localhost:3000/" "Mozilla/5.0 (Windows NT 10.0; Win64; x64) AppleWebKit/537.36 (KHTML, like Gecko) Chrome/96.0.4664.110 Safari/537.36"
::1 - - [26/Dec/2021:19:45:07 +0000] "GET /users/sign-in HTTP/1.1" 200 2749 "http://localhost:3000/" "Mozilla/5.0 (Windows NT 10.0; Win64; x64) AppleWebKit/537.36 (KHTML, like Gecko) Chrome/96.0.4664.110 Safari/537.36"
::1 - - [26/Dec/2021:19:45:09 +0000] "GET /users/auth/google HTTP/1.1" 302 0 "http://localhost:3000/users/sign-in" "Mozilla/5.0 (Windows NT 10.0; Win64; x64) AppleWebKit/537.36 (KHTML, like Gecko) Chrome/96.0.4664.110 Safari/537.36"
::1 - - [26/Dec/2021:19:45:10 +0000] "GET /users/auth/google/callback?code=4%2F0AX4XfWjmv5rK4uhZEPGSoX1oWZ_tWczr6QxYj6-rWgsIKSJ86QixfrjInnBTqyj77QZijw&scope=email+profile+openid+https%3A%2F%2Fwww.googleapis.com%2Fauth%2Fuserinfo.email+https%3A%2F%2Fwww.googleapis.com%2Fauth%2Fuserinfo.profile&authuser=0&prompt=none HTTP/1.1" 302 46 "http://localhost:3000/" "Mozilla/5.0 (Windows NT 10.0; Win64; x64) AppleWebKit/537.36 (KHTML, like Gecko) Chrome/96.0.4664.110 Safari/537.36"
::1 - - [26/Dec/2021:19:45:10 +0000] "GET / HTTP/1.1" 200 11464 "http://localhost:3000/" "Mozilla/5.0 (Windows NT 10.0; Win64; x64) AppleWebKit/537.36 (KHTML, like Gecko) Chrome/96.0.4664.110 Safari/537.36"
::1 - - [26/Dec/2021:19:45:14 +0000] "GET /users/profile/61c8bd0f1ca3fd29f0ce883d HTTP/1.1" 304 - "http://localhost:3000/" "Mozilla/5.0 (Windows NT 10.0; Win64; x64) AppleWebKit/537.36 (KHTML, like Gecko) Chrome/96.0.4664.110 Safari/537.36"
::1 - - [26/Dec/2021:19:45:18 +0000] "GET /users/profile/61c8bd6d7010650110138cbc HTTP/1.1" 200 2682 "http://localhost:3000/" "Mozilla/5.0 (Windows NT 10.0; Win64; x64) AppleWebKit/537.36 (KHTML, like Gecko) Chrome/96.0.4664.110 Safari/537.36"
::1 - - [26/Dec/2021:19:45:22 +0000] "GET /users/profile/61c8bd0f1ca3fd29f0ce883d HTTP/1.1" 304 - "http://localhost:3000/" "Mozilla/5.0 (Windows NT 10.0; Win64; x64) AppleWebKit/537.36 (KHTML, like Gecko) Chrome/96.0.4664.110 Safari/537.36"
::1 - - [26/Dec/2021:19:46:00 +0000] "POST /comments/create HTTP/1.1" 200 324 "http://localhost:3000/" "Mozilla/5.0 (Windows NT 10.0; Win64; x64) AppleWebKit/537.36 (KHTML, like Gecko) Chrome/96.0.4664.110 Safari/537.36"
::1 - - [26/Dec/2021:19:46:02 +0000] "GET / HTTP/1.1" 200 12027 "http://localhost:3000/" "Mozilla/5.0 (Windows NT 10.0; Win64; x64) AppleWebKit/537.36 (KHTML, like Gecko) Chrome/96.0.4664.110 Safari/537.36"
::1 - - [26/Dec/2021:19:46:27 +0000] "GET /users/profile/61c8bd0f1ca3fd29f0ce883d HTTP/1.1" 304 - "http://localhost:3000/" "Mozilla/5.0 (Windows NT 10.0; Win64; x64) AppleWebKit/537.36 (KHTML, like Gecko) Chrome/96.0.4664.110 Safari/537.36"
::1 - - [26/Dec/2021:19:46:30 +0000] "GET /users/sign-out HTTP/1.1" 302 46 "http://localhost:3000/" "Mozilla/5.0 (Windows NT 10.0; Win64; x64) AppleWebKit/537.36 (KHTML, like Gecko) Chrome/96.0.4664.110 Safari/537.36"
::1 - - [26/Dec/2021:19:46:30 +0000] "GET / HTTP/1.1" 200 8423 "http://localhost:3000/" "Mozilla/5.0 (Windows NT 10.0; Win64; x64) AppleWebKit/537.36 (KHTML, like Gecko) Chrome/96.0.4664.110 Safari/537.36"
::1 - - [26/Dec/2021:19:46:34 +0000] "GET /users/sign-in HTTP/1.1" 304 - "http://localhost:3000/" "Mozilla/5.0 (Windows NT 10.0; Win64; x64) AppleWebKit/537.36 (KHTML, like Gecko) Chrome/96.0.4664.110 Safari/537.36"
::1 - - [26/Dec/2021:19:46:43 +0000] "POST /users/create-session HTTP/1.1" 302 46 "http://localhost:3000/users/sign-in" "Mozilla/5.0 (Windows NT 10.0; Win64; x64) AppleWebKit/537.36 (KHTML, like Gecko) Chrome/96.0.4664.110 Safari/537.36"
::1 - - [26/Dec/2021:19:46:43 +0000] "GET / HTTP/1.1" 200 11293 "http://localhost:3000/users/sign-in" "Mozilla/5.0 (Windows NT 10.0; Win64; x64) AppleWebKit/537.36 (KHTML, like Gecko) Chrome/96.0.4664.110 Safari/537.36"
::1 - - [26/Dec/2021:19:46:45 +0000] "GET /users/profile/61c8bd0f1ca3fd29f0ce883d HTTP/1.1" 200 2691 "http://localhost:3000/" "Mozilla/5.0 (Windows NT 10.0; Win64; x64) AppleWebKit/537.36 (KHTML, like Gecko) Chrome/96.0.4664.110 Safari/537.36"
::1 - - [26/Dec/2021:19:46:48 +0000] "GET /users/profile/61c8c1ccac66984a907ae1de HTTP/1.1" 200 3120 "http://localhost:3000/" "Mozilla/5.0 (Windows NT 10.0; Win64; x64) AppleWebKit/537.36 (KHTML, like Gecko) Chrome/96.0.4664.110 Safari/537.36"
::1 - - [26/Dec/2021:19:47:08 +0000] "POST /likes/toggle/?id=61c8c6783b33ba3390d09ec4&type=Comment HTTP/1.1" 200 58 "http://localhost:3000/" "Mozilla/5.0 (Windows NT 10.0; Win64; x64) AppleWebKit/537.36 (KHTML, like Gecko) Chrome/96.0.4664.110 Safari/537.36"
::1 - - [26/Dec/2021:19:47:10 +0000] "GET /users/sign-out HTTP/1.1" 302 46 "http://localhost:3000/" "Mozilla/5.0 (Windows NT 10.0; Win64; x64) AppleWebKit/537.36 (KHTML, like Gecko) Chrome/96.0.4664.110 Safari/537.36"
::1 - - [26/Dec/2021:19:47:10 +0000] "GET / HTTP/1.1" 200 8423 "http://localhost:3000/" "Mozilla/5.0 (Windows NT 10.0; Win64; x64) AppleWebKit/537.36 (KHTML, like Gecko) Chrome/96.0.4664.110 Safari/537.36"
::1 - - [26/Dec/2021:19:47:15 +0000] "GET /users/sign-in HTTP/1.1" 304 - "http://localhost:3000/" "Mozilla/5.0 (Windows NT 10.0; Win64; x64) AppleWebKit/537.36 (KHTML, like Gecko) Chrome/96.0.4664.110 Safari/537.36"
::1 - - [26/Dec/2021:19:47:17 +0000] "GET /users/auth/google HTTP/1.1" 302 0 "http://localhost:3000/users/sign-in" "Mozilla/5.0 (Windows NT 10.0; Win64; x64) AppleWebKit/537.36 (KHTML, like Gecko) Chrome/96.0.4664.110 Safari/537.36"
::1 - - [26/Dec/2021:19:47:18 +0000] "GET /users/auth/google/callback?code=4%2F0AX4XfWi0CT6LAQp41iHd_r37JiwJae09F8C7waifgjqadJKcrxq2qlWbgrMFV_q6np2BtA&scope=email+profile+https%3A%2F%2Fwww.googleapis.com%2Fauth%2Fuserinfo.profile+https%3A%2F%2Fwww.googleapis.com%2Fauth%2Fuserinfo.email+openid&authuser=0&prompt=none HTTP/1.1" 302 46 "http://localhost:3000/" "Mozilla/5.0 (Windows NT 10.0; Win64; x64) AppleWebKit/537.36 (KHTML, like Gecko) Chrome/96.0.4664.110 Safari/537.36"
::1 - - [26/Dec/2021:19:47:18 +0000] "GET / HTTP/1.1" 200 12276 "http://localhost:3000/" "Mozilla/5.0 (Windows NT 10.0; Win64; x64) AppleWebKit/537.36 (KHTML, like Gecko) Chrome/96.0.4664.110 Safari/537.36"
::1 - - [26/Dec/2021:19:47:21 +0000] "POST /likes/toggle/?id=61c8c6783b33ba3390d09ec4&type=Comment HTTP/1.1" 200 58 "http://localhost:3000/" "Mozilla/5.0 (Windows NT 10.0; Win64; x64) AppleWebKit/537.36 (KHTML, like Gecko) Chrome/96.0.4664.110 Safari/537.36"
::1 - - [26/Dec/2021:19:47:24 +0000] "POST / HTTP/1.1" 404 140 "http://localhost:3000/" "Mozilla/5.0 (Windows NT 10.0; Win64; x64) AppleWebKit/537.36 (KHTML, like Gecko) Chrome/96.0.4664.110 Safari/537.36"
::1 - - [26/Dec/2021:19:47:24 +0000] "POST /likes/toggle/?id=61c8be346c382e43b46ae5d3&type=Post HTTP/1.1" 200 58 "http://localhost:3000/" "Mozilla/5.0 (Windows NT 10.0; Win64; x64) AppleWebKit/537.36 (KHTML, like Gecko) Chrome/96.0.4664.110 Safari/537.36"
::1 - - [26/Dec/2021:19:47:28 +0000] "GET /users/profile/61c8bd0f1ca3fd29f0ce883d HTTP/1.1" 200 3123 "http://localhost:3000/" "Mozilla/5.0 (Windows NT 10.0; Win64; x64) AppleWebKit/537.36 (KHTML, like Gecko) Chrome/96.0.4664.110 Safari/537.36"
::1 - - [26/Dec/2021:19:50:32 +0000] "GET / HTTP/1.1" 200 12027 "http://localhost:3000/" "Mozilla/5.0 (Windows NT 10.0; Win64; x64) AppleWebKit/537.36 (KHTML, like Gecko) Chrome/96.0.4664.110 Safari/537.36"
::1 - - [26/Dec/2021:19:50:35 +0000] "GET /users/sign-out HTTP/1.1" 302 46 "http://localhost:3000/" "Mozilla/5.0 (Windows NT 10.0; Win64; x64) AppleWebKit/537.36 (KHTML, like Gecko) Chrome/96.0.4664.110 Safari/537.36"
::1 - - [26/Dec/2021:19:50:35 +0000] "GET / HTTP/1.1" 200 8423 "http://localhost:3000/" "Mozilla/5.0 (Windows NT 10.0; Win64; x64) AppleWebKit/537.36 (KHTML, like Gecko) Chrome/96.0.4664.110 Safari/537.36"
::1 - - [26/Dec/2021:19:51:56 +0000] "GET / HTTP/1.1" 200 8170 "http://localhost:3000/" "Mozilla/5.0 (Windows NT 10.0; Win64; x64) AppleWebKit/537.36 (KHTML, like Gecko) Chrome/96.0.4664.110 Safari/537.36"
::1 - - [26/Dec/2021:19:52:06 +0000] "GET /users/sign-in HTTP/1.1" 304 - "http://localhost:3000/" "Mozilla/5.0 (Windows NT 10.0; Win64; x64) AppleWebKit/537.36 (KHTML, like Gecko) Chrome/96.0.4664.110 Safari/537.36"
::1 - - [26/Dec/2021:19:52:08 +0000] "GET /users/auth/google HTTP/1.1" 302 0 "http://localhost:3000/users/sign-in" "Mozilla/5.0 (Windows NT 10.0; Win64; x64) AppleWebKit/537.36 (KHTML, like Gecko) Chrome/96.0.4664.110 Safari/537.36"
::1 - - [26/Dec/2021:19:52:09 +0000] "GET /users/auth/google/callback?code=4%2F0AX4XfWhU1bikSzZkEaFvQ5BC59P-OFGBWgkURUfP8q13qL1YUFY6AjAFn4eJRIxkjbQNuA&scope=email+profile+openid+https%3A%2F%2Fwww.googleapis.com%2Fauth%2Fuserinfo.profile+https%3A%2F%2Fwww.googleapis.com%2Fauth%2Fuserinfo.email&authuser=0&prompt=none HTTP/1.1" 302 46 "http://localhost:3000/" "Mozilla/5.0 (Windows NT 10.0; Win64; x64) AppleWebKit/537.36 (KHTML, like Gecko) Chrome/96.0.4664.110 Safari/537.36"
::1 - - [26/Dec/2021:19:52:09 +0000] "GET / HTTP/1.1" 200 12276 "http://localhost:3000/" "Mozilla/5.0 (Windows NT 10.0; Win64; x64) AppleWebKit/537.36 (KHTML, like Gecko) Chrome/96.0.4664.110 Safari/537.36"
::1 - - [26/Dec/2021:19:52:12 +0000] "GET /users/profile/61c8bd0f1ca3fd29f0ce883d HTTP/1.1" 304 - "http://localhost:3000/" "Mozilla/5.0 (Windows NT 10.0; Win64; x64) AppleWebKit/537.36 (KHTML, like Gecko) Chrome/96.0.4664.110 Safari/537.36"
::1 - - [26/Dec/2021:19:52:21 +0000] "GET /users/profile/61c8bd6d7010650110138cbc HTTP/1.1" 304 - "http://localhost:3000/" "Mozilla/5.0 (Windows NT 10.0; Win64; x64) AppleWebKit/537.36 (KHTML, like Gecko) Chrome/96.0.4664.110 Safari/537.36"
::1 - - [26/Dec/2021:19:53:16 +0000] "GET /users/profile/61c8bd0f1ca3fd29f0ce883d HTTP/1.1" 304 - "http://localhost:3000/" "Mozilla/5.0 (Windows NT 10.0; Win64; x64) AppleWebKit/537.36 (KHTML, like Gecko) Chrome/96.0.4664.110 Safari/537.36"
::1 - - [26/Dec/2021:19:54:52 +0000] "GET /users/profile/61c8c1ccac66984a907ae1de HTTP/1.1" 200 2682 "http://localhost:3000/" "Mozilla/5.0 (Windows NT 10.0; Win64; x64) AppleWebKit/537.36 (KHTML, like Gecko) Chrome/96.0.4664.110 Safari/537.36"
::1 - - [26/Dec/2021:19:54:57 +0000] "GET /users/profile/61c8bd0f1ca3fd29f0ce883d HTTP/1.1" 304 - "http://localhost:3000/" "Mozilla/5.0 (Windows NT 10.0; Win64; x64) AppleWebKit/537.36 (KHTML, like Gecko) Chrome/96.0.4664.110 Safari/537.36"
::1 - - [26/Dec/2021:19:57:35 +0000] "GET / HTTP/1.1" 200 12027 "http://localhost:3000/" "Mozilla/5.0 (Windows NT 10.0; Win64; x64) AppleWebKit/537.36 (KHTML, like Gecko) Chrome/96.0.4664.110 Safari/537.36"
::1 - - [26/Dec/2021:19:57:41 +0000] "POST /posts/create HTTP/1.1" 200 266 "http://localhost:3000/" "Mozilla/5.0 (Windows NT 10.0; Win64; x64) AppleWebKit/537.36 (KHTML, like Gecko) Chrome/96.0.4664.110 Safari/537.36"
::1 - - [26/Dec/2021:19:57:42 +0000] "POST /posts/create HTTP/1.1" 200 266 "http://localhost:3000/" "Mozilla/5.0 (Windows NT 10.0; Win64; x64) AppleWebKit/537.36 (KHTML, like Gecko) Chrome/96.0.4664.110 Safari/537.36"
::1 - - [26/Dec/2021:19:57:43 +0000] "POST /posts/create HTTP/1.1" 200 266 "http://localhost:3000/" "Mozilla/5.0 (Windows NT 10.0; Win64; x64) AppleWebKit/537.36 (KHTML, like Gecko) Chrome/96.0.4664.110 Safari/537.36"
::1 - - [26/Dec/2021:19:57:48 +0000] "GET / HTTP/1.1" 200 16458 "http://localhost:3000/" "Mozilla/5.0 (Windows NT 10.0; Win64; x64) AppleWebKit/537.36 (KHTML, like Gecko) Chrome/96.0.4664.110 Safari/537.36"
::1 - - [26/Dec/2021:19:57:56 +0000] "POST /comments/create HTTP/1.1" 200 323 "http://localhost:3000/" "Mozilla/5.0 (Windows NT 10.0; Win64; x64) AppleWebKit/537.36 (KHTML, like Gecko) Chrome/96.0.4664.110 Safari/537.36"
::1 - - [26/Dec/2021:19:57:58 +0000] "GET / HTTP/1.1" 200 17269 "http://localhost:3000/" "Mozilla/5.0 (Windows NT 10.0; Win64; x64) AppleWebKit/537.36 (KHTML, like Gecko) Chrome/96.0.4664.110 Safari/537.36"
::1 - - [26/Dec/2021:19:58:08 +0000] "POST /comments/create HTTP/1.1" 200 322 "http://localhost:3000/" "Mozilla/5.0 (Windows NT 10.0; Win64; x64) AppleWebKit/537.36 (KHTML, like Gecko) Chrome/96.0.4664.110 Safari/537.36"
::1 - - [26/Dec/2021:19:58:09 +0000] "POST /comments/create HTTP/1.1" 200 322 "http://localhost:3000/" "Mozilla/5.0 (Windows NT 10.0; Win64; x64) AppleWebKit/537.36 (KHTML, like Gecko) Chrome/96.0.4664.110 Safari/537.36"
::1 - - [26/Dec/2021:19:58:09 +0000] "POST /comments/create HTTP/1.1" 200 322 "http://localhost:3000/" "Mozilla/5.0 (Windows NT 10.0; Win64; x64) AppleWebKit/537.36 (KHTML, like Gecko) Chrome/96.0.4664.110 Safari/537.36"
::1 - - [26/Dec/2021:19:58:11 +0000] "GET / HTTP/1.1" 200 19699 "http://localhost:3000/" "Mozilla/5.0 (Windows NT 10.0; Win64; x64) AppleWebKit/537.36 (KHTML, like Gecko) Chrome/96.0.4664.110 Safari/537.36"
::1 - - [26/Dec/2021:19:58:14 +0000] "GET /comments/destroy/61c8c944a181ff12fcfddc6f HTTP/1.1" 200 75 "http://localhost:3000/" "Mozilla/5.0 (Windows NT 10.0; Win64; x64) AppleWebKit/537.36 (KHTML, like Gecko) Chrome/96.0.4664.110 Safari/537.36"
::1 - - [26/Dec/2021:19:58:16 +0000] "POST /likes/toggle/?id=61c8c950a181ff12fcfddc71&type=Comment HTTP/1.1" 200 58 "http://localhost:3000/" "Mozilla/5.0 (Windows NT 10.0; Win64; x64) AppleWebKit/537.36 (KHTML, like Gecko) Chrome/96.0.4664.110 Safari/537.36"
::1 - - [26/Dec/2021:19:58:17 +0000] "POST /likes/toggle/?id=61c8c951a181ff12fcfddc72&type=Comment HTTP/1.1" 200 58 "http://localhost:3000/" "Mozilla/5.0 (Windows NT 10.0; Win64; x64) AppleWebKit/537.36 (KHTML, like Gecko) Chrome/96.0.4664.110 Safari/537.36"
::1 - - [26/Dec/2021:19:58:18 +0000] "POST /likes/toggle/?id=61c8c951a181ff12fcfddc73&type=Comment HTTP/1.1" 200 58 "http://localhost:3000/" "Mozilla/5.0 (Windows NT 10.0; Win64; x64) AppleWebKit/537.36 (KHTML, like Gecko) Chrome/96.0.4664.110 Safari/537.36"
::1 - - [26/Dec/2021:19:58:20 +0000] "GET /comments/destroy/61c8c950a181ff12fcfddc71 HTTP/1.1" 200 75 "http://localhost:3000/" "Mozilla/5.0 (Windows NT 10.0; Win64; x64) AppleWebKit/537.36 (KHTML, like Gecko) Chrome/96.0.4664.110 Safari/537.36"
::1 - - [26/Dec/2021:19:58:33 +0000] "GET /comments/destroy/61c8c951a181ff12fcfddc72 HTTP/1.1" 200 75 "http://localhost:3000/" "Mozilla/5.0 (Windows NT 10.0; Win64; x64) AppleWebKit/537.36 (KHTML, like Gecko) Chrome/96.0.4664.110 Safari/537.36"
::1 - - [26/Dec/2021:19:58:45 +0000] "POST /posts/create HTTP/1.1" 200 265 "http://localhost:3000/" "Mozilla/5.0 (Windows NT 10.0; Win64; x64) AppleWebKit/537.36 (KHTML, like Gecko) Chrome/96.0.4664.110 Safari/537.36"
::1 - - [26/Dec/2021:19:58:47 +0000] "GET / HTTP/1.1" 200 18744 "http://localhost:3000/" "Mozilla/5.0 (Windows NT 10.0; Win64; x64) AppleWebKit/537.36 (KHTML, like Gecko) Chrome/96.0.4664.110 Safari/537.36"
::1 - - [26/Dec/2021:19:59:07 +0000] "GET /users/profile/61c8bd0f1ca3fd29f0ce883d HTTP/1.1" 304 - "http://localhost:3000/" "Mozilla/5.0 (Windows NT 10.0; Win64; x64) AppleWebKit/537.36 (KHTML, like Gecko) Chrome/96.0.4664.110 Safari/537.36"
::1 - - [26/Dec/2021:19:59:21 +0000] "POST /users/update/61c8bd0f1ca3fd29f0ce883d HTTP/1.1" 302 164 "http://localhost:3000/users/profile/61c8bd0f1ca3fd29f0ce883d" "Mozilla/5.0 (Windows NT 10.0; Win64; x64) AppleWebKit/537.36 (KHTML, like Gecko) Chrome/96.0.4664.110 Safari/537.36"
::1 - - [26/Dec/2021:19:59:21 +0000] "GET /users/profile/61c8bd0f1ca3fd29f0ce883d HTTP/1.1" 200 3123 "http://localhost:3000/users/profile/61c8bd0f1ca3fd29f0ce883d" "Mozilla/5.0 (Windows NT 10.0; Win64; x64) AppleWebKit/537.36 (KHTML, like Gecko) Chrome/96.0.4664.110 Safari/537.36"
::1 - - [26/Dec/2021:19:59:28 +0000] "POST /users/update/61c8bd0f1ca3fd29f0ce883d HTTP/1.1" 302 164 "http://localhost:3000/users/profile/61c8bd0f1ca3fd29f0ce883d" "Mozilla/5.0 (Windows NT 10.0; Win64; x64) AppleWebKit/537.36 (KHTML, like Gecko) Chrome/96.0.4664.110 Safari/537.36"
::1 - - [26/Dec/2021:19:59:28 +0000] "GET /users/profile/61c8bd0f1ca3fd29f0ce883d HTTP/1.1" 200 3123 "http://localhost:3000/users/profile/61c8bd0f1ca3fd29f0ce883d" "Mozilla/5.0 (Windows NT 10.0; Win64; x64) AppleWebKit/537.36 (KHTML, like Gecko) Chrome/96.0.4664.110 Safari/537.36"
::1 - - [26/Dec/2021:19:59:35 +0000] "GET / HTTP/1.1" 304 - "http://localhost:3000/" "Mozilla/5.0 (Windows NT 10.0; Win64; x64) AppleWebKit/537.36 (KHTML, like Gecko) Chrome/96.0.4664.110 Safari/537.36"
::1 - - [26/Dec/2021:19:59:37 +0000] "GET /users/profile/61c8bd0f1ca3fd29f0ce883d HTTP/1.1" 304 - "http://localhost:3000/" "Mozilla/5.0 (Windows NT 10.0; Win64; x64) AppleWebKit/537.36 (KHTML, like Gecko) Chrome/96.0.4664.110 Safari/537.36"
::1 - - [26/Dec/2021:20:03:12 +0000] "GET / HTTP/1.1" 304 - "http://localhost:3000/" "Mozilla/5.0 (Windows NT 10.0; Win64; x64) AppleWebKit/537.36 (KHTML, like Gecko) Chrome/96.0.4664.110 Safari/537.36"
